<?xml version="1.0" encoding="UTF-8"?>
<testng-results skipped="0" failed="1" total="4" passed="3">
  <reporter-output>
    <line>
      <![CDATA[lunch browser]]>
    </line>
    <line>
      <![CDATA[forget password]]>
    </line>
    <line>
      <![CDATA[sign in to app]]>
    </line>
    <line>
      <![CDATA[mail send successfully]]>
    </line>
    <line>
      <![CDATA[sign through fb]]>
    </line>
    <line>
      <![CDATA[signUp to app]]>
    </line>
    <line>
      <![CDATA[get data from excell sheet]]>
    </line>
  </reporter-output>
  <suite name="Default suite" duration-ms="78111" started-at="2018-01-06T14:09:04Z" finished-at="2018-01-06T14:10:22Z">
    <groups>
    </groups>
    <test name="Default test" duration-ms="78111" started-at="2018-01-06T14:09:04Z" finished-at="2018-01-06T14:10:22Z">
      <class name="com.testflow.UserTest">
        <test-method status="PASS" signature="configBrowser()[pri:0, instance:com.testflow.UserTest@d8355a8]" name="configBrowser" is-config="true" duration-ms="14051" started-at="2018-01-06T19:39:04Z" finished-at="2018-01-06T19:39:18Z">
          <reporter-output>
            <line>
              <![CDATA[lunch browser]]>
            </line>
          </reporter-output>
        </test-method> <!-- configBrowser -->
        <test-method status="PASS" signature="befoeMethod()[pri:0, instance:com.testflow.UserTest@d8355a8]" name="befoeMethod" is-config="true" duration-ms="8723" started-at="2018-01-06T19:39:18Z" finished-at="2018-01-06T19:39:27Z">
          <reporter-output>
          </reporter-output>
        </test-method> <!-- befoeMethod -->
        <test-method status="FAIL" signature="forgetPass()[pri:0, instance:com.testflow.UserTest@d8355a8]" name="forgetPass" duration-ms="26106" started-at="2018-01-06T19:39:27Z" finished-at="2018-01-06T19:39:53Z">
          <exception class="org.openqa.selenium.NoSuchElementException">
            <message>
              <![CDATA[Unable to locate element: {"method":"xpath","selector":"//div[label[text()='Enter Email']]/div/input"}
Command duration or timeout: 20.12 seconds
For documentation on this error, please visit: http://seleniumhq.org/exceptions/no_such_element.html
Build info: version: '2.53.0', revision: '35ae25b', time: '2016-03-15 16:57:40'
System info: host: 'Debajyoti', ip: '192.168.1.10', os.name: 'Windows 10', os.arch: 'amd64', os.version: '10.0', java.version: '1.8.0_151'
Driver info: org.openqa.selenium.firefox.FirefoxDriver
Capabilities [{applicationCacheEnabled=true, rotatable=false, handlesAlerts=true, databaseEnabled=true, version=40.0, platform=WINDOWS, nativeEvents=false, acceptSslCerts=true, webStorageEnabled=true, locationContextEnabled=true, browserName=firefox, takesScreenshot=true, javascriptEnabled=true, cssSelectorsEnabled=true}]
Session ID: 454bacb6-50dd-4875-927d-d87a21d46b5e
*** Element info: {Using=xpath, value=//div[label[text()='Enter Email']]/div/input}]]>
            </message>
            <full-stacktrace>
              <![CDATA[org.openqa.selenium.NoSuchElementException: Unable to locate element: {"method":"xpath","selector":"//div[label[text()='Enter Email']]/div/input"}
Command duration or timeout: 20.12 seconds
For documentation on this error, please visit: http://seleniumhq.org/exceptions/no_such_element.html
Build info: version: '2.53.0', revision: '35ae25b', time: '2016-03-15 16:57:40'
System info: host: 'Debajyoti', ip: '192.168.1.10', os.name: 'Windows 10', os.arch: 'amd64', os.version: '10.0', java.version: '1.8.0_151'
Driver info: org.openqa.selenium.firefox.FirefoxDriver
Capabilities [{applicationCacheEnabled=true, rotatable=false, handlesAlerts=true, databaseEnabled=true, version=40.0, platform=WINDOWS, nativeEvents=false, acceptSslCerts=true, webStorageEnabled=true, locationContextEnabled=true, browserName=firefox, takesScreenshot=true, javascriptEnabled=true, cssSelectorsEnabled=true}]
Session ID: 454bacb6-50dd-4875-927d-d87a21d46b5e
*** Element info: {Using=xpath, value=//div[label[text()='Enter Email']]/div/input}
	at sun.reflect.NativeConstructorAccessorImpl.newInstance0(Native Method)
	at sun.reflect.NativeConstructorAccessorImpl.newInstance(Unknown Source)
	at sun.reflect.DelegatingConstructorAccessorImpl.newInstance(Unknown Source)
	at java.lang.reflect.Constructor.newInstance(Unknown Source)
	at org.openqa.selenium.remote.ErrorHandler.createThrowable(ErrorHandler.java:206)
	at org.openqa.selenium.remote.ErrorHandler.throwIfResponseFailed(ErrorHandler.java:158)
	at org.openqa.selenium.remote.RemoteWebDriver.execute(RemoteWebDriver.java:678)
	at org.openqa.selenium.remote.RemoteWebDriver.findElement(RemoteWebDriver.java:363)
	at org.openqa.selenium.remote.RemoteWebDriver.findElementByXPath(RemoteWebDriver.java:500)
	at org.openqa.selenium.By$ByXPath.findElement(By.java:361)
	at org.openqa.selenium.remote.RemoteWebDriver.findElement(RemoteWebDriver.java:355)
	at org.openqa.selenium.support.pagefactory.DefaultElementLocator.findElement(DefaultElementLocator.java:69)
	at org.openqa.selenium.support.pagefactory.internal.LocatingElementHandler.invoke(LocatingElementHandler.java:38)
	at com.sun.proxy.$Proxy7.sendKeys(Unknown Source)
	at com.pages.SginIn.forgetpass(SginIn.java:61)
	at com.testflow.UserTest.forgetPass(UserTest.java:85)
	at sun.reflect.NativeMethodAccessorImpl.invoke0(Native Method)
	at sun.reflect.NativeMethodAccessorImpl.invoke(Unknown Source)
	at sun.reflect.DelegatingMethodAccessorImpl.invoke(Unknown Source)
	at java.lang.reflect.Method.invoke(Unknown Source)
	at org.testng.internal.MethodInvocationHelper.invokeMethod(MethodInvocationHelper.java:85)
	at org.testng.internal.Invoker.invokeMethod(Invoker.java:639)
	at org.testng.internal.Invoker.invokeTestMethod(Invoker.java:816)
	at org.testng.internal.Invoker.invokeTestMethods(Invoker.java:1124)
	at org.testng.internal.TestMethodWorker.invokeTestMethods(TestMethodWorker.java:125)
	at org.testng.internal.TestMethodWorker.run(TestMethodWorker.java:108)
	at org.testng.TestRunner.privateRun(TestRunner.java:774)
	at org.testng.TestRunner.run(TestRunner.java:624)
	at org.testng.SuiteRunner.runTest(SuiteRunner.java:359)
	at org.testng.SuiteRunner.runSequentially(SuiteRunner.java:354)
	at org.testng.SuiteRunner.privateRun(SuiteRunner.java:312)
	at org.testng.SuiteRunner.run(SuiteRunner.java:261)
	at org.testng.SuiteRunnerWorker.runSuite(SuiteRunnerWorker.java:52)
	at org.testng.SuiteRunnerWorker.run(SuiteRunnerWorker.java:86)
	at org.testng.TestNG.runSuitesSequentially(TestNG.java:1215)
	at org.testng.TestNG.runSuitesLocally(TestNG.java:1140)
	at org.testng.TestNG.run(TestNG.java:1048)
	at org.testng.remote.AbstractRemoteTestNG.run(AbstractRemoteTestNG.java:114)
	at org.testng.remote.RemoteTestNG.initAndRun(RemoteTestNG.java:251)
	at org.testng.remote.RemoteTestNG.main(RemoteTestNG.java:77)
Caused by: org.openqa.selenium.NoSuchElementException: Unable to locate element: {"method":"xpath","selector":"//div[label[text()='Enter Email']]/div/input"}
For documentation on this error, please visit: http://seleniumhq.org/exceptions/no_such_element.html
Build info: version: '2.53.0', revision: '35ae25b', time: '2016-03-15 16:57:40'
System info: host: 'Debajyoti', ip: '192.168.1.10', os.name: 'Windows 10', os.arch: 'amd64', os.version: '10.0', java.version: '1.8.0_151'
Driver info: driver.version: unknown
	at <anonymous class>.FirefoxDriver.prototype.findElementInternal_(file:///C:/Users/DEBAJY~1/AppData/Local/Temp/anonymous6374211603252654157webdriver-profile/extensions/fxdriver@googlecode.com/components/driver-component.js:10770)
	at <anonymous class>.fxdriver.Timer.prototype.setTimeout/<.notify(file:///C:/Users/DEBAJY~1/AppData/Local/Temp/anonymous6374211603252654157webdriver-profile/extensions/fxdriver@googlecode.com/components/driver-component.js:625)
]]>
            </full-stacktrace>
          </exception> <!-- org.openqa.selenium.NoSuchElementException -->
          <reporter-output>
            <line>
              <![CDATA[forget password]]>
            </line>
          </reporter-output>
        </test-method> <!-- forgetPass -->
        <test-method status="PASS" signature="befoeMethod()[pri:0, instance:com.testflow.UserTest@d8355a8]" name="befoeMethod" is-config="true" duration-ms="2914" started-at="2018-01-06T19:39:53Z" finished-at="2018-01-06T19:39:56Z">
          <reporter-output>
          </reporter-output>
        </test-method> <!-- befoeMethod -->
        <test-method status="PASS" signature="sigin()[pri:0, instance:com.testflow.UserTest@d8355a8]" name="sigin" duration-ms="1700" started-at="2018-01-06T19:39:56Z" finished-at="2018-01-06T19:39:58Z">
          <reporter-output>
            <line>
              <![CDATA[sign in to app]]>
            </line>
            <line>
              <![CDATA[mail send successfully]]>
            </line>
          </reporter-output>
        </test-method> <!-- sigin -->
        <test-method status="PASS" signature="befoeMethod()[pri:0, instance:com.testflow.UserTest@d8355a8]" name="befoeMethod" is-config="true" duration-ms="3310" started-at="2018-01-06T19:39:58Z" finished-at="2018-01-06T19:40:01Z">
          <reporter-output>
          </reporter-output>
        </test-method> <!-- befoeMethod -->
        <test-method status="PASS" signature="signFB()[pri:1, instance:com.testflow.UserTest@d8355a8]" name="signFB" duration-ms="2166" started-at="2018-01-06T19:40:01Z" finished-at="2018-01-06T19:40:03Z">
          <reporter-output>
            <line>
              <![CDATA[sign through fb]]>
            </line>
          </reporter-output>
        </test-method> <!-- signFB -->
        <test-method status="PASS" signature="befoeMethod()[pri:0, instance:com.testflow.UserTest@d8355a8]" name="befoeMethod" is-config="true" duration-ms="3077" started-at="2018-01-06T19:40:03Z" finished-at="2018-01-06T19:40:06Z">
          <reporter-output>
          </reporter-output>
        </test-method> <!-- befoeMethod -->
        <test-method status="PASS" signature="signUp()[pri:2, instance:com.testflow.UserTest@d8355a8]" name="signUp" duration-ms="15848" started-at="2018-01-06T19:40:06Z" finished-at="2018-01-06T19:40:22Z">
          <reporter-output>
            <line>
              <![CDATA[signUp to app]]>
            </line>
            <line>
              <![CDATA[get data from excell sheet]]>
            </line>
          </reporter-output>
        </test-method> <!-- signUp -->
      </class> <!-- com.testflow.UserTest -->
    </test> <!-- Default test -->
  </suite> <!-- Default suite -->
</testng-results>
